This file contains any messages produced by compilers while
running configure, to aid debugging if configure makes a mistake.

It was created by bcm2835 configure 1.73, which was
generated by GNU Autoconf 2.71.  Invocation command line was

  $ ./configure --prefix=/Users/urstrix/Desktop/Projects/keybow-firmware/bcm2835-1.73/build

## --------- ##
## Platform. ##
## --------- ##

hostname = alexandros-mbp.lan
uname -m = arm64
uname -r = 23.1.0
uname -s = Darwin
uname -v = Darwin Kernel Version 23.1.0: Mon Oct  9 21:28:45 PDT 2023; root:xnu-10002.41.9~6/RELEASE_ARM64_T6020

/usr/bin/uname -p = arm
/bin/uname -X     = unknown

/bin/arch              = unknown
/usr/bin/arch -k       = unknown
/usr/convex/getsysinfo = unknown
/usr/bin/hostinfo      = Mach kernel version:
	 Darwin Kernel Version 23.1.0: Mon Oct  9 21:28:45 PDT 2023; root:xnu-10002.41.9~6/RELEASE_ARM64_T6020
Kernel configured for up to 10 processors.
10 processors are physically available.
10 processors are logically available.
Processor type: arm64e (ARM64E)
Processors active: 0 1 2 3 4 5 6 7 8 9
Primary memory available: 16.00 gigabytes
Default processor set: 518 tasks, 3409 threads, 10 processors
Load average: 1.44, Mach factor: 8.55
/bin/machine           = unknown
/usr/bin/oslevel       = unknown
/bin/universe          = unknown

PATH: /Library/Frameworks/Python.framework/Versions/3.12/bin/
PATH: /opt/homebrew/bin/
PATH: /opt/homebrew/sbin/
PATH: /usr/local/bin/
PATH: /System/Cryptexes/App/usr/bin/
PATH: /usr/bin/
PATH: /bin/
PATH: /usr/sbin/
PATH: /sbin/
PATH: /var/run/com.apple.security.cryptexd/codex.system/bootstrap/usr/local/bin/
PATH: /var/run/com.apple.security.cryptexd/codex.system/bootstrap/usr/bin/
PATH: /var/run/com.apple.security.cryptexd/codex.system/bootstrap/usr/appleinternal/bin/


## ----------- ##
## Core tests. ##
## ----------- ##

configure:2156: looking for aux files: compile missing install-sh
configure:2169:  trying ./
configure:2198:   ./compile found
configure:2198:   ./missing found
configure:2180:   ./install-sh found
configure:2330: checking for a BSD-compatible install
configure:2403: result: /usr/bin/install -c
configure:2414: checking whether build environment is sane
configure:2469: result: yes
configure:2628: checking for a race-free mkdir -p
configure:2672: result: ./install-sh -c -d
configure:2679: checking for gawk
configure:2714: result: no
configure:2679: checking for mawk
configure:2714: result: no
configure:2679: checking for nawk
configure:2714: result: no
configure:2679: checking for awk
configure:2700: found /usr/bin/awk
configure:2711: result: awk
configure:2722: checking whether make sets $(MAKE)
configure:2745: result: yes
configure:2775: checking whether make supports nested variables
configure:2793: result: yes
configure:2942: checking whether make supports the include directive
configure:2957: make -f confmf.GNU && cat confinc.out
this is the am__doit target
configure:2960: $? = 0
configure:2979: result: yes (GNU style)
configure:3055: checking for gcc
configure:3076: found /usr/bin/gcc
configure:3087: result: gcc
configure:3440: checking for C compiler version
configure:3449: gcc --version >&5
Apple clang version 15.0.0 (clang-1500.0.40.1)
Target: arm64-apple-darwin23.1.0
Thread model: posix
InstalledDir: /Library/Developer/CommandLineTools/usr/bin
configure:3460: $? = 0
configure:3449: gcc -v >&5
Apple clang version 15.0.0 (clang-1500.0.40.1)
Target: arm64-apple-darwin23.1.0
Thread model: posix
InstalledDir: /Library/Developer/CommandLineTools/usr/bin
configure:3460: $? = 0
configure:3449: gcc -V >&5
clang: error: argument to '-V' is missing (expected 1 value)
clang: error: no input files
configure:3460: $? = 1
configure:3449: gcc -qversion >&5
clang: error: unknown argument '-qversion'; did you mean '--version'?
clang: error: no input files
configure:3460: $? = 1
configure:3449: gcc -version >&5
clang: error: unknown argument '-version'; did you mean '--version'?
clang: error: no input files
configure:3460: $? = 1
configure:3480: checking whether the C compiler works
configure:3502: gcc    conftest.c  >&5
configure:3506: $? = 0
configure:3556: result: yes
configure:3559: checking for C compiler default output file name
configure:3561: result: a.out
configure:3567: checking for suffix of executables
configure:3574: gcc -o conftest    conftest.c  >&5
configure:3578: $? = 0
configure:3601: result: 
configure:3623: checking whether we are cross compiling
configure:3631: gcc -o conftest    conftest.c  >&5
configure:3635: $? = 0
configure:3642: ./conftest
configure:3646: $? = 0
configure:3661: result: no
configure:3666: checking for suffix of object files
configure:3689: gcc -c   conftest.c >&5
configure:3693: $? = 0
configure:3715: result: o
configure:3719: checking whether the compiler supports GNU C
configure:3739: gcc -c   conftest.c >&5
configure:3739: $? = 0
configure:3749: result: yes
configure:3760: checking whether gcc accepts -g
configure:3781: gcc -c -g  conftest.c >&5
configure:3781: $? = 0
configure:3825: result: yes
configure:3845: checking for gcc option to enable C11 features
configure:3860: gcc  -c -g -O2  conftest.c >&5
conftest.c:25:14: warning: a function definition without a prototype is deprecated in all versions of C and is not supported in C2x [-Wdeprecated-non-prototype]
static char *e (p, i)
             ^
1 warning generated.
configure:3860: $? = 0
configure:3878: result: none needed
configure:3994: checking whether gcc understands -c and -o together
configure:4017: gcc -c conftest.c -o conftest2.o
configure:4020: $? = 0
configure:4017: gcc -c conftest.c -o conftest2.o
configure:4020: $? = 0
configure:4032: result: yes
configure:4051: checking dependency style of gcc
configure:4163: result: gcc3
configure:4179: checking for clock_gettime in -lrt
configure:4202: gcc -o conftest -g -O2   conftest.c -lrt   >&5
ld: library 'rt' not found
clang: error: linker command failed with exit code 1 (use -v to see invocation)
configure:4202: $? = 1
configure: failed program was:
| /* confdefs.h */
| #define PACKAGE_NAME "bcm2835"
| #define PACKAGE_TARNAME "bcm2835"
| #define PACKAGE_VERSION "1.73"
| #define PACKAGE_STRING "bcm2835 1.73"
| #define PACKAGE_BUGREPORT "mikem@airspayce.com"
| #define PACKAGE_URL ""
| #define PACKAGE "bcm2835"
| #define VERSION "1.73"
| /* end confdefs.h.  */
| 
| /* Override any GCC internal prototype to avoid an error.
|    Use char because int might match the return type of a GCC
|    builtin and then its argument prototype would still apply.  */
| char clock_gettime ();
| int
| main (void)
| {
| return clock_gettime ();
|   ;
|   return 0;
| }
configure:4212: result: no
configure:4222: checking for docs
configure:4233: result: yes
configure:4248: checking for doxygen
configure:4283: result: no
configure:4292: WARNING: Doxygen not found - continuing without Doxygen support
configure:4344: checking for ranlib
configure:4365: found /usr/bin/ranlib
configure:4376: result: ranlib
configure:4451: checking for gcc
configure:4483: result: gcc
configure:4836: checking for C compiler version
configure:4845: gcc --version >&5
Apple clang version 15.0.0 (clang-1500.0.40.1)
Target: arm64-apple-darwin23.1.0
Thread model: posix
InstalledDir: /Library/Developer/CommandLineTools/usr/bin
configure:4856: $? = 0
configure:4845: gcc -v >&5
Apple clang version 15.0.0 (clang-1500.0.40.1)
Target: arm64-apple-darwin23.1.0
Thread model: posix
InstalledDir: /Library/Developer/CommandLineTools/usr/bin
configure:4856: $? = 0
configure:4845: gcc -V >&5
clang: error: argument to '-V' is missing (expected 1 value)
clang: error: no input files
configure:4856: $? = 1
configure:4845: gcc -qversion >&5
clang: error: unknown argument '-qversion'; did you mean '--version'?
clang: error: no input files
configure:4856: $? = 1
configure:4845: gcc -version >&5
clang: error: unknown argument '-version'; did you mean '--version'?
clang: error: no input files
configure:4856: $? = 1
configure:4860: checking whether the compiler supports GNU C
configure:4890: result: yes
configure:4901: checking whether gcc accepts -g
configure:4966: result: yes
configure:4986: checking for gcc option to enable C11 features
configure:5019: result: none needed
configure:5135: checking whether gcc understands -c and -o together
configure:5173: result: yes
configure:5192: checking dependency style of gcc
configure:5304: result: gcc3
configure:5442: checking that generated files are newer than configure
configure:5448: result: done
configure:5483: creating ./config.status

## ---------------------- ##
## Running config.status. ##
## ---------------------- ##

This file was extended by bcm2835 config.status 1.73, which was
generated by GNU Autoconf 2.71.  Invocation command line was

  CONFIG_FILES    = 
  CONFIG_HEADERS  = 
  CONFIG_LINKS    = 
  CONFIG_COMMANDS = 
  $ ./config.status 

on alexandros-mbp.lan

config.status:845: creating Makefile
config.status:845: creating src/Makefile
config.status:845: creating doc/Makefile
config.status:845: creating config.h
config.status:1074: executing depfiles commands
config.status:1151: cd src       && sed -e '/# am--include-marker/d' Makefile         | make -f - am--depfiles
config.status:1156: $? = 0

## ---------------- ##
## Cache variables. ##
## ---------------- ##

ac_cv_c_compiler_gnu=yes
ac_cv_env_CC_set=
ac_cv_env_CC_value=
ac_cv_env_CFLAGS_set=
ac_cv_env_CFLAGS_value=
ac_cv_env_CPPFLAGS_set=
ac_cv_env_CPPFLAGS_value=
ac_cv_env_LDFLAGS_set=
ac_cv_env_LDFLAGS_value=
ac_cv_env_LIBS_set=
ac_cv_env_LIBS_value=
ac_cv_env_build_alias_set=
ac_cv_env_build_alias_value=
ac_cv_env_host_alias_set=
ac_cv_env_host_alias_value=
ac_cv_env_target_alias_set=
ac_cv_env_target_alias_value=
ac_cv_lib_rt_clock_gettime=no
ac_cv_objext=o
ac_cv_path_install='/usr/bin/install -c'
ac_cv_prog_AWK=awk
ac_cv_prog_ac_ct_CC=gcc
ac_cv_prog_ac_ct_RANLIB=ranlib
ac_cv_prog_cc_c11=
ac_cv_prog_cc_g=yes
ac_cv_prog_cc_stdc=
ac_cv_prog_make_make_set=yes
am_cv_CC_dependencies_compiler_type=gcc3
am_cv_make_support_nested_variables=yes
am_cv_prog_cc_c_o=yes

## ----------------- ##
## Output variables. ##
## ----------------- ##

ACLOCAL='${SHELL} '\''/Users/urstrix/Desktop/Projects/keybow-firmware/bcm2835-1.73/missing'\'' aclocal-1.16'
AMDEPBACKSLASH='\'
AMDEP_FALSE='#'
AMDEP_TRUE=''
AMTAR='$${TAR-tar}'
AM_BACKSLASH='\'
AM_DEFAULT_V='$(AM_DEFAULT_VERBOSITY)'
AM_DEFAULT_VERBOSITY='1'
AM_V='$(V)'
AUTOCONF='${SHELL} '\''/Users/urstrix/Desktop/Projects/keybow-firmware/bcm2835-1.73/missing'\'' autoconf'
AUTOHEADER='${SHELL} '\''/Users/urstrix/Desktop/Projects/keybow-firmware/bcm2835-1.73/missing'\'' autoheader'
AUTOMAKE='${SHELL} '\''/Users/urstrix/Desktop/Projects/keybow-firmware/bcm2835-1.73/missing'\'' automake-1.16'
AWK='awk'
CC='gcc'
CCDEPMODE='depmode=gcc3'
CFLAGS='-g -O2'
CPPFLAGS=''
CSCOPE='cscope'
CTAGS='ctags'
CYGPATH_W='echo'
DEFS='-DHAVE_CONFIG_H'
DEPDIR='.deps'
DOXYGEN=''
ECHO_C='\c'
ECHO_N=''
ECHO_T=''
ETAGS='etags'
EXEEXT=''
HAVE_DOCS_FALSE='#'
HAVE_DOCS_TRUE=''
HAVE_DOXYGEN_FALSE=''
HAVE_DOXYGEN_TRUE='#'
INSTALL_DATA='${INSTALL} -m 644'
INSTALL_PROGRAM='${INSTALL}'
INSTALL_SCRIPT='${INSTALL}'
INSTALL_STRIP_PROGRAM='$(install_sh) -c -s'
LDFLAGS=''
LIBOBJS=''
LIBS=''
LTLIBOBJS=''
MAKEINFO='${SHELL} '\''/Users/urstrix/Desktop/Projects/keybow-firmware/bcm2835-1.73/missing'\'' makeinfo'
MKDIR_P='./install-sh -c -d'
OBJEXT='o'
PACKAGE='bcm2835'
PACKAGE_BUGREPORT='mikem@airspayce.com'
PACKAGE_NAME='bcm2835'
PACKAGE_STRING='bcm2835 1.73'
PACKAGE_TARNAME='bcm2835'
PACKAGE_URL=''
PACKAGE_VERSION='1.73'
PATH_SEPARATOR=':'
RANLIB='ranlib'
SET_MAKE=''
SHELL='/bin/sh'
STRIP=''
VERSION='1.73'
ac_ct_CC='gcc'
am__EXEEXT_FALSE=''
am__EXEEXT_TRUE='#'
am__fastdepCC_FALSE='#'
am__fastdepCC_TRUE=''
am__include='include'
am__isrc=''
am__leading_dot='.'
am__nodep='_no'
am__quote=''
am__tar='$${TAR-tar} chof - "$$tardir"'
am__untar='$${TAR-tar} xf -'
bindir='${exec_prefix}/bin'
build_alias=''
datadir='${datarootdir}'
datarootdir='${prefix}/share'
docdir='${datarootdir}/doc/${PACKAGE_TARNAME}'
dvidir='${docdir}'
exec_prefix='${prefix}'
host_alias=''
htmldir='${docdir}'
includedir='${prefix}/include'
infodir='${datarootdir}/info'
install_sh='${SHELL} /Users/urstrix/Desktop/Projects/keybow-firmware/bcm2835-1.73/install-sh'
libdir='${exec_prefix}/lib'
libexecdir='${exec_prefix}/libexec'
localedir='${datarootdir}/locale'
localstatedir='${prefix}/var'
mandir='${datarootdir}/man'
mkdir_p='$(MKDIR_P)'
oldincludedir='/usr/include'
pdfdir='${docdir}'
prefix='/Users/urstrix/Desktop/Projects/keybow-firmware/bcm2835-1.73/build'
program_transform_name='s,x,x,'
psdir='${docdir}'
runstatedir='${localstatedir}/run'
sbindir='${exec_prefix}/sbin'
sharedstatedir='${prefix}/com'
sysconfdir='${prefix}/etc'
target_alias=''

## ----------- ##
## confdefs.h. ##
## ----------- ##

/* confdefs.h */
#define PACKAGE_NAME "bcm2835"
#define PACKAGE_TARNAME "bcm2835"
#define PACKAGE_VERSION "1.73"
#define PACKAGE_STRING "bcm2835 1.73"
#define PACKAGE_BUGREPORT "mikem@airspayce.com"
#define PACKAGE_URL ""
#define PACKAGE "bcm2835"
#define VERSION "1.73"

configure: exit 0
